c:\users\bangseungho\documents\github\x-macina\client\x-networklibrary\x64\debug\x-networklibrary.pch
c:\users\bangseungho\documents\github\x-macina\client\x-networklibrary\executable\debug\x-networklibrary.pdb
c:\users\bangseungho\documents\github\x-macina\client\x-networklibrary\executable\debug\x-networklibrary.idb
c:\users\bangseungho\documents\github\x-macina\client\x-networklibrary\x64\debug\pch.obj
c:\users\bangseungho\documents\github\x-macina\client\x-networklibrary\x64\debug\threadmanager.obj
c:\users\bangseungho\documents\github\x-macina\client\x-networklibrary\x64\debug\socketdata.obj
c:\users\bangseungho\documents\github\x-macina\client\x-networklibrary\x64\debug\slistmemorypool.obj
c:\users\bangseungho\documents\github\x-macina\client\x-networklibrary\x64\debug\sessioncontroller.obj
c:\users\bangseungho\documents\github\x-macina\client\x-networklibrary\x64\debug\session.obj
c:\users\bangseungho\documents\github\x-macina\client\x-networklibrary\x64\debug\servernetwork.obj
c:\users\bangseungho\documents\github\x-macina\client\x-networklibrary\x64\debug\sendbuffersfactory.obj
c:\users\bangseungho\documents\github\x-macina\client\x-networklibrary\x64\debug\packetsendbuf.obj
c:\users\bangseungho\documents\github\x-macina\client\x-networklibrary\x64\debug\packetrecvbuf.obj
c:\users\bangseungho\documents\github\x-macina\client\x-networklibrary\x64\debug\packetheader.obj
c:\users\bangseungho\documents\github\x-macina\client\x-networklibrary\x64\debug\overlappedobject.obj
c:\users\bangseungho\documents\github\x-macina\client\x-networklibrary\x64\debug\networkobject.obj
c:\users\bangseungho\documents\github\x-macina\client\x-networklibrary\x64\debug\networkmanager.obj
c:\users\bangseungho\documents\github\x-macina\client\x-networklibrary\x64\debug\networkinterface.obj
c:\users\bangseungho\documents\github\x-macina\client\x-networklibrary\x64\debug\memorymanager.obj
c:\users\bangseungho\documents\github\x-macina\client\x-networklibrary\x64\debug\logmanager.obj
c:\users\bangseungho\documents\github\x-macina\client\x-networklibrary\x64\debug\lock.obj
c:\users\bangseungho\documents\github\x-macina\client\x-networklibrary\x64\debug\listener.obj
c:\users\bangseungho\documents\github\x-macina\client\x-networklibrary\x64\debug\clientnetwork.obj
c:\users\bangseungho\documents\github\x-macina\client\x-networklibrary\executable\debug\x-networklibrary.lib
c:\users\bangseungho\documents\github\x-macina\client\x-networklibrary\x64\debug\x-networklibrary.tlog\cl.command.1.tlog
c:\users\bangseungho\documents\github\x-macina\client\x-networklibrary\x64\debug\x-networklibrary.tlog\cl.read.1.tlog
c:\users\bangseungho\documents\github\x-macina\client\x-networklibrary\x64\debug\x-networklibrary.tlog\cl.write.1.tlog
c:\users\bangseungho\documents\github\x-macina\client\x-networklibrary\x64\debug\x-networklibrary.tlog\lib-link.read.1.tlog
c:\users\bangseungho\documents\github\x-macina\client\x-networklibrary\x64\debug\x-networklibrary.tlog\lib-link.write.1.tlog
c:\users\bangseungho\documents\github\x-macina\client\x-networklibrary\x64\debug\x-networklibrary.tlog\lib.command.1.tlog
