c:\users\bangseungho\documents\github\x-macina\client\x-networklibrary\x64\release\x-networklibrary.pch
c:\users\bangseungho\documents\github\x-macina\client\x-networklibrary\executable\release\x-networklibrary.pdb
c:\users\bangseungho\documents\github\x-macina\client\x-networklibrary\x64\release\pch.obj
c:\users\bangseungho\documents\github\x-macina\client\x-networklibrary\x64\release\threadmanager.obj
c:\users\bangseungho\documents\github\x-macina\client\x-networklibrary\x64\release\socketdata.obj
c:\users\bangseungho\documents\github\x-macina\client\x-networklibrary\x64\release\slistmemorypool.obj
c:\users\bangseungho\documents\github\x-macina\client\x-networklibrary\x64\release\sessioncontroller.obj
c:\users\bangseungho\documents\github\x-macina\client\x-networklibrary\x64\release\session.obj
c:\users\bangseungho\documents\github\x-macina\client\x-networklibrary\x64\release\servernetwork.obj
c:\users\bangseungho\documents\github\x-macina\client\x-networklibrary\x64\release\sendbuffersfactory.obj
c:\users\bangseungho\documents\github\x-macina\client\x-networklibrary\x64\release\packetsendbuf.obj
c:\users\bangseungho\documents\github\x-macina\client\x-networklibrary\x64\release\packetrecvbuf.obj
c:\users\bangseungho\documents\github\x-macina\client\x-networklibrary\x64\release\packetheader.obj
c:\users\bangseungho\documents\github\x-macina\client\x-networklibrary\x64\release\overlappedobject.obj
c:\users\bangseungho\documents\github\x-macina\client\x-networklibrary\x64\release\networkobject.obj
c:\users\bangseungho\documents\github\x-macina\client\x-networklibrary\x64\release\networkmanager.obj
c:\users\bangseungho\documents\github\x-macina\client\x-networklibrary\x64\release\networkinterface.obj
c:\users\bangseungho\documents\github\x-macina\client\x-networklibrary\x64\release\memorymanager.obj
c:\users\bangseungho\documents\github\x-macina\client\x-networklibrary\x64\release\logmanager.obj
c:\users\bangseungho\documents\github\x-macina\client\x-networklibrary\x64\release\lock.obj
c:\users\bangseungho\documents\github\x-macina\client\x-networklibrary\x64\release\listener.obj
c:\users\bangseungho\documents\github\x-macina\client\x-networklibrary\x64\release\clientnetwork.obj
c:\users\bangseungho\documents\github\x-macina\client\x-networklibrary\executable\release\x-networklibrary.lib
c:\users\bangseungho\documents\github\x-macina\client\x-networklibrary\x64\release\x-networklibrary.tlog\cl.command.1.tlog
c:\users\bangseungho\documents\github\x-macina\client\x-networklibrary\x64\release\x-networklibrary.tlog\cl.read.1.tlog
c:\users\bangseungho\documents\github\x-macina\client\x-networklibrary\x64\release\x-networklibrary.tlog\cl.write.1.tlog
c:\users\bangseungho\documents\github\x-macina\client\x-networklibrary\x64\release\x-networklibrary.tlog\lib-link.read.1.tlog
c:\users\bangseungho\documents\github\x-macina\client\x-networklibrary\x64\release\x-networklibrary.tlog\lib-link.write.1.tlog
c:\users\bangseungho\documents\github\x-macina\client\x-networklibrary\x64\release\x-networklibrary.tlog\lib.command.1.tlog
